{"C:\\Users\\Leonardo\\hackthonyperu-ventas\\backend\\src\\config\\jwt.js": {"path":"C:\\Users\\Leonardo\\hackthonyperu-ventas\\backend\\src\\config\\jwt.js","statementMap":{"0":{"start":{"line":1,"column":12},"end":{"line":1,"column":35}},"1":{"start":{"line":2,"column":0},"end":{"line":2,"column":27}},"2":{"start":{"line":4,"column":19},"end":{"line":4,"column":72}},"3":{"start":{"line":5,"column":23},"end":{"line":5,"column":57}},"4":{"start":{"line":7,"column":21},"end":{"line":9,"column":1}},"5":{"start":{"line":8,"column":2},"end":{"line":8,"column":70}},"6":{"start":{"line":11,"column":23},"end":{"line":13,"column":1}},"7":{"start":{"line":12,"column":2},"end":{"line":12,"column":39}},"8":{"start":{"line":15,"column":0},"end":{"line":15,"column":50}}},"fnMap":{"0":{"name":"(anonymous_0)","decl":{"start":{"line":7,"column":21},"end":{"line":7,"column":22}},"loc":{"start":{"line":7,"column":34},"end":{"line":9,"column":1}},"line":7},"1":{"name":"(anonymous_1)","decl":{"start":{"line":11,"column":23},"end":{"line":11,"column":24}},"loc":{"start":{"line":11,"column":34},"end":{"line":13,"column":1}},"line":11}},"branchMap":{"0":{"loc":{"start":{"line":4,"column":19},"end":{"line":4,"column":72}},"type":"binary-expr","locations":[{"start":{"line":4,"column":19},"end":{"line":4,"column":41}},{"start":{"line":4,"column":45},"end":{"line":4,"column":72}}],"line":4},"1":{"loc":{"start":{"line":5,"column":23},"end":{"line":5,"column":57}},"type":"binary-expr","locations":[{"start":{"line":5,"column":23},"end":{"line":5,"column":49}},{"start":{"line":5,"column":53},"end":{"line":5,"column":57}}],"line":5}},"s":{"0":6,"1":6,"2":6,"3":6,"4":6,"5":7,"6":6,"7":55,"8":6},"f":{"0":7,"1":55},"b":{"0":[6,0],"1":[6,0]},"_coverageSchema":"1a1c01bbd47fc00a2c39e90264f33305004495a9","hash":"38fc03b9a31360535585b80d064e469c431b615f"}
,"C:\\Users\\Leonardo\\hackthonyperu-ventas\\backend\\src\\controllers\\auth.controller.js": {"path":"C:\\Users\\Leonardo\\hackthonyperu-ventas\\backend\\src\\controllers\\auth.controller.js","statementMap":{"0":{"start":{"line":1,"column":13},"end":{"line":1,"column":36}},"1":{"start":{"line":2,"column":15},"end":{"line":2,"column":34}},"2":{"start":{"line":3,"column":25},"end":{"line":3,"column":49}},"3":{"start":{"line":5,"column":14},"end":{"line":84,"column":1}},"4":{"start":{"line":6,"column":2},"end":{"line":83,"column":3}},"5":{"start":{"line":7,"column":32},"end":{"line":7,"column":40}},"6":{"start":{"line":9,"column":4},"end":{"line":11,"column":5}},"7":{"start":{"line":10,"column":6},"end":{"line":10,"column":84}},"8":{"start":{"line":14,"column":19},"end":{"line":16,"column":5}},"9":{"start":{"line":18,"column":4},"end":{"line":20,"column":5}},"10":{"start":{"line":19,"column":6},"end":{"line":19,"column":75}},"11":{"start":{"line":22,"column":20},"end":{"line":22,"column":34}},"12":{"start":{"line":25,"column":4},"end":{"line":27,"column":5}},"13":{"start":{"line":26,"column":6},"end":{"line":26,"column":67}},"14":{"start":{"line":28,"column":4},"end":{"line":30,"column":5}},"15":{"start":{"line":29,"column":6},"end":{"line":29,"column":95}},"16":{"start":{"line":33,"column":27},"end":{"line":33,"column":80}},"17":{"start":{"line":35,"column":4},"end":{"line":42,"column":5}},"18":{"start":{"line":37,"column":6},"end":{"line":40,"column":8}},"19":{"start":{"line":41,"column":6},"end":{"line":41,"column":75}},"20":{"start":{"line":45,"column":4},"end":{"line":48,"column":6}},"21":{"start":{"line":51,"column":18},"end":{"line":56,"column":6}},"22":{"start":{"line":59,"column":23},"end":{"line":59,"column":33}},"23":{"start":{"line":60,"column":4},"end":{"line":60,"column":51}},"24":{"start":{"line":62,"column":4},"end":{"line":66,"column":6}},"25":{"start":{"line":68,"column":4},"end":{"line":78,"column":7}},"26":{"start":{"line":81,"column":4},"end":{"line":81,"column":52}},"27":{"start":{"line":82,"column":4},"end":{"line":82,"column":84}},"28":{"start":{"line":86,"column":15},"end":{"line":99,"column":1}},"29":{"start":{"line":87,"column":2},"end":{"line":98,"column":3}},"30":{"start":{"line":88,"column":18},"end":{"line":88,"column":58}},"31":{"start":{"line":89,"column":4},"end":{"line":94,"column":5}},"32":{"start":{"line":90,"column":6},"end":{"line":93,"column":8}},"33":{"start":{"line":95,"column":4},"end":{"line":95,"column":58}},"34":{"start":{"line":97,"column":4},"end":{"line":97,"column":86}},"35":{"start":{"line":101,"column":14},"end":{"line":111,"column":1}},"36":{"start":{"line":102,"column":2},"end":{"line":110,"column":3}},"37":{"start":{"line":103,"column":19},"end":{"line":106,"column":5}},"38":{"start":{"line":107,"column":4},"end":{"line":107,"column":29}},"39":{"start":{"line":109,"column":4},"end":{"line":109,"column":88}},"40":{"start":{"line":113,"column":0},"end":{"line":113,"column":42}}},"fnMap":{"0":{"name":"(anonymous_0)","decl":{"start":{"line":5,"column":14},"end":{"line":5,"column":15}},"loc":{"start":{"line":5,"column":34},"end":{"line":84,"column":1}},"line":5},"1":{"name":"(anonymous_1)","decl":{"start":{"line":86,"column":15},"end":{"line":86,"column":16}},"loc":{"start":{"line":86,"column":35},"end":{"line":99,"column":1}},"line":86},"2":{"name":"(anonymous_2)","decl":{"start":{"line":101,"column":14},"end":{"line":101,"column":15}},"loc":{"start":{"line":101,"column":34},"end":{"line":111,"column":1}},"line":101}},"branchMap":{"0":{"loc":{"start":{"line":9,"column":4},"end":{"line":11,"column":5}},"type":"if","locations":[{"start":{"line":9,"column":4},"end":{"line":11,"column":5}},{"start":{},"end":{}}],"line":9},"1":{"loc":{"start":{"line":9,"column":8},"end":{"line":9,"column":27}},"type":"binary-expr","locations":[{"start":{"line":9,"column":8},"end":{"line":9,"column":14}},{"start":{"line":9,"column":18},"end":{"line":9,"column":27}}],"line":9},"2":{"loc":{"start":{"line":18,"column":4},"end":{"line":20,"column":5}},"type":"if","locations":[{"start":{"line":18,"column":4},"end":{"line":20,"column":5}},{"start":{},"end":{}}],"line":18},"3":{"loc":{"start":{"line":25,"column":4},"end":{"line":27,"column":5}},"type":"if","locations":[{"start":{"line":25,"column":4},"end":{"line":27,"column":5}},{"start":{},"end":{}}],"line":25},"4":{"loc":{"start":{"line":28,"column":4},"end":{"line":30,"column":5}},"type":"if","locations":[{"start":{"line":28,"column":4},"end":{"line":30,"column":5}},{"start":{},"end":{}}],"line":28},"5":{"loc":{"start":{"line":35,"column":4},"end":{"line":42,"column":5}},"type":"if","locations":[{"start":{"line":35,"column":4},"end":{"line":42,"column":5}},{"start":{},"end":{}}],"line":35},"6":{"loc":{"start":{"line":89,"column":4},"end":{"line":94,"column":5}},"type":"if","locations":[{"start":{"line":89,"column":4},"end":{"line":94,"column":5}},{"start":{},"end":{}}],"line":89}},"s":{"0":1,"1":1,"2":1,"3":1,"4":5,"5":5,"6":5,"7":1,"8":4,"9":4,"10":1,"11":3,"12":3,"13":0,"14":3,"15":1,"16":2,"17":2,"18":1,"19":1,"20":1,"21":1,"22":1,"23":1,"24":1,"25":1,"26":0,"27":0,"28":1,"29":1,"30":1,"31":1,"32":1,"33":1,"34":0,"35":1,"36":1,"37":1,"38":1,"39":0,"40":1},"f":{"0":5,"1":1,"2":1},"b":{"0":[1,4],"1":[5,5],"2":[1,3],"3":[0,3],"4":[1,2],"5":[1,1],"6":[1,0]},"_coverageSchema":"1a1c01bbd47fc00a2c39e90264f33305004495a9","hash":"714d864a8fb4d398b20219d951a703a215a08977"}
,"C:\\Users\\Leonardo\\hackthonyperu-ventas\\backend\\src\\controllers\\categorias.controller.js": {"path":"C:\\Users\\Leonardo\\hackthonyperu-ventas\\backend\\src\\controllers\\categorias.controller.js","statementMap":{"0":{"start":{"line":1,"column":13},"end":{"line":1,"column":36}},"1":{"start":{"line":3,"column":22},"end":{"line":12,"column":1}},"2":{"start":{"line":4,"column":2},"end":{"line":11,"column":3}},"3":{"start":{"line":5,"column":19},"end":{"line":7,"column":5}},"4":{"start":{"line":8,"column":4},"end":{"line":8,"column":26}},"5":{"start":{"line":10,"column":4},"end":{"line":10,"column":76}},"6":{"start":{"line":14,"column":25},"end":{"line":27,"column":1}},"7":{"start":{"line":15,"column":2},"end":{"line":26,"column":3}},"8":{"start":{"line":16,"column":19},"end":{"line":16,"column":29}},"9":{"start":{"line":17,"column":19},"end":{"line":19,"column":5}},"10":{"start":{"line":20,"column":4},"end":{"line":22,"column":5}},"11":{"start":{"line":21,"column":6},"end":{"line":21,"column":74}},"12":{"start":{"line":23,"column":4},"end":{"line":23,"column":29}},"13":{"start":{"line":25,"column":4},"end":{"line":25,"column":75}},"14":{"start":{"line":29,"column":24},"end":{"line":47,"column":1}},"15":{"start":{"line":30,"column":2},"end":{"line":46,"column":3}},"16":{"start":{"line":31,"column":36},"end":{"line":31,"column":44}},"17":{"start":{"line":32,"column":4},"end":{"line":34,"column":5}},"18":{"start":{"line":33,"column":6},"end":{"line":33,"column":73}},"19":{"start":{"line":35,"column":19},"end":{"line":39,"column":5}},"20":{"start":{"line":40,"column":4},"end":{"line":40,"column":41}},"21":{"start":{"line":42,"column":4},"end":{"line":44,"column":5}},"22":{"start":{"line":43,"column":6},"end":{"line":43,"column":83}},"23":{"start":{"line":45,"column":4},"end":{"line":45,"column":88}},"24":{"start":{"line":49,"column":24},"end":{"line":65,"column":1}},"25":{"start":{"line":50,"column":2},"end":{"line":64,"column":3}},"26":{"start":{"line":51,"column":19},"end":{"line":51,"column":29}},"27":{"start":{"line":52,"column":44},"end":{"line":52,"column":52}},"28":{"start":{"line":53,"column":19},"end":{"line":57,"column":5}},"29":{"start":{"line":58,"column":4},"end":{"line":60,"column":5}},"30":{"start":{"line":59,"column":6},"end":{"line":59,"column":74}},"31":{"start":{"line":61,"column":4},"end":{"line":61,"column":29}},"32":{"start":{"line":63,"column":4},"end":{"line":63,"column":78}},"33":{"start":{"line":67,"column":24},"end":{"line":83,"column":1}},"34":{"start":{"line":68,"column":2},"end":{"line":82,"column":3}},"35":{"start":{"line":69,"column":19},"end":{"line":69,"column":29}},"36":{"start":{"line":70,"column":19},"end":{"line":72,"column":5}},"37":{"start":{"line":73,"column":4},"end":{"line":75,"column":5}},"38":{"start":{"line":74,"column":6},"end":{"line":74,"column":74}},"39":{"start":{"line":76,"column":4},"end":{"line":76,"column":63}},"40":{"start":{"line":78,"column":4},"end":{"line":80,"column":5}},"41":{"start":{"line":79,"column":6},"end":{"line":79,"column":98}},"42":{"start":{"line":81,"column":4},"end":{"line":81,"column":76}},"43":{"start":{"line":85,"column":0},"end":{"line":91,"column":2}}},"fnMap":{"0":{"name":"(anonymous_0)","decl":{"start":{"line":3,"column":22},"end":{"line":3,"column":23}},"loc":{"start":{"line":3,"column":42},"end":{"line":12,"column":1}},"line":3},"1":{"name":"(anonymous_1)","decl":{"start":{"line":14,"column":25},"end":{"line":14,"column":26}},"loc":{"start":{"line":14,"column":45},"end":{"line":27,"column":1}},"line":14},"2":{"name":"(anonymous_2)","decl":{"start":{"line":29,"column":24},"end":{"line":29,"column":25}},"loc":{"start":{"line":29,"column":44},"end":{"line":47,"column":1}},"line":29},"3":{"name":"(anonymous_3)","decl":{"start":{"line":49,"column":24},"end":{"line":49,"column":25}},"loc":{"start":{"line":49,"column":44},"end":{"line":65,"column":1}},"line":49},"4":{"name":"(anonymous_4)","decl":{"start":{"line":67,"column":24},"end":{"line":67,"column":25}},"loc":{"start":{"line":67,"column":44},"end":{"line":83,"column":1}},"line":67}},"branchMap":{"0":{"loc":{"start":{"line":20,"column":4},"end":{"line":22,"column":5}},"type":"if","locations":[{"start":{"line":20,"column":4},"end":{"line":22,"column":5}},{"start":{},"end":{}}],"line":20},"1":{"loc":{"start":{"line":32,"column":4},"end":{"line":34,"column":5}},"type":"if","locations":[{"start":{"line":32,"column":4},"end":{"line":34,"column":5}},{"start":{},"end":{}}],"line":32},"2":{"loc":{"start":{"line":38,"column":15},"end":{"line":38,"column":34}},"type":"binary-expr","locations":[{"start":{"line":38,"column":15},"end":{"line":38,"column":26}},{"start":{"line":38,"column":30},"end":{"line":38,"column":34}}],"line":38},"3":{"loc":{"start":{"line":42,"column":4},"end":{"line":44,"column":5}},"type":"if","locations":[{"start":{"line":42,"column":4},"end":{"line":44,"column":5}},{"start":{},"end":{}}],"line":42},"4":{"loc":{"start":{"line":56,"column":15},"end":{"line":56,"column":34}},"type":"binary-expr","locations":[{"start":{"line":56,"column":15},"end":{"line":56,"column":26}},{"start":{"line":56,"column":30},"end":{"line":56,"column":34}}],"line":56},"5":{"loc":{"start":{"line":56,"column":36},"end":{"line":56,"column":54}},"type":"binary-expr","locations":[{"start":{"line":56,"column":36},"end":{"line":56,"column":42}},{"start":{"line":56,"column":46},"end":{"line":56,"column":54}}],"line":56},"6":{"loc":{"start":{"line":58,"column":4},"end":{"line":60,"column":5}},"type":"if","locations":[{"start":{"line":58,"column":4},"end":{"line":60,"column":5}},{"start":{},"end":{}}],"line":58},"7":{"loc":{"start":{"line":73,"column":4},"end":{"line":75,"column":5}},"type":"if","locations":[{"start":{"line":73,"column":4},"end":{"line":75,"column":5}},{"start":{},"end":{}}],"line":73},"8":{"loc":{"start":{"line":78,"column":4},"end":{"line":80,"column":5}},"type":"if","locations":[{"start":{"line":78,"column":4},"end":{"line":80,"column":5}},{"start":{},"end":{}}],"line":78}},"s":{"0":1,"1":1,"2":2,"3":2,"4":1,"5":1,"6":1,"7":2,"8":2,"9":2,"10":2,"11":1,"12":1,"13":0,"14":1,"15":3,"16":3,"17":3,"18":1,"19":2,"20":1,"21":1,"22":1,"23":0,"24":1,"25":2,"26":2,"27":2,"28":2,"29":2,"30":1,"31":1,"32":0,"33":1,"34":3,"35":3,"36":3,"37":2,"38":1,"39":1,"40":1,"41":1,"42":0,"43":1},"f":{"0":2,"1":2,"2":3,"3":2,"4":3},"b":{"0":[1,1],"1":[1,2],"2":[2,1],"3":[1,0],"4":[2,1],"5":[2,0],"6":[1,1],"7":[1,1],"8":[1,0]},"_coverageSchema":"1a1c01bbd47fc00a2c39e90264f33305004495a9","hash":"e2b86090c82124e8acad5504c34005db2e99dbce"}
,"C:\\Users\\Leonardo\\hackthonyperu-ventas\\backend\\src\\controllers\\clientes.controller.js": {"path":"C:\\Users\\Leonardo\\hackthonyperu-ventas\\backend\\src\\controllers\\clientes.controller.js","statementMap":{"0":{"start":{"line":1,"column":13},"end":{"line":1,"column":36}},"1":{"start":{"line":4,"column":20},"end":{"line":28,"column":1}},"2":{"start":{"line":5,"column":2},"end":{"line":27,"column":3}},"3":{"start":{"line":6,"column":17},"end":{"line":6,"column":59}},"4":{"start":{"line":7,"column":18},"end":{"line":7,"column":77}},"5":{"start":{"line":8,"column":19},"end":{"line":8,"column":37}},"6":{"start":{"line":10,"column":24},"end":{"line":10,"column":73}},"7":{"start":{"line":11,"column":18},"end":{"line":11,"column":53}},"8":{"start":{"line":13,"column":19},"end":{"line":16,"column":5}},"9":{"start":{"line":18,"column":4},"end":{"line":24,"column":7}},"10":{"start":{"line":26,"column":4},"end":{"line":26,"column":74}},"11":{"start":{"line":31,"column":23},"end":{"line":44,"column":1}},"12":{"start":{"line":32,"column":2},"end":{"line":43,"column":3}},"13":{"start":{"line":33,"column":19},"end":{"line":33,"column":29}},"14":{"start":{"line":34,"column":19},"end":{"line":36,"column":5}},"15":{"start":{"line":37,"column":4},"end":{"line":39,"column":5}},"16":{"start":{"line":38,"column":6},"end":{"line":38,"column":72}},"17":{"start":{"line":40,"column":4},"end":{"line":40,"column":29}},"18":{"start":{"line":42,"column":4},"end":{"line":42,"column":73}},"19":{"start":{"line":47,"column":22},"end":{"line":67,"column":1}},"20":{"start":{"line":48,"column":2},"end":{"line":66,"column":3}},"21":{"start":{"line":49,"column":68},"end":{"line":49,"column":76}},"22":{"start":{"line":50,"column":19},"end":{"line":54,"column":5}},"23":{"start":{"line":55,"column":4},"end":{"line":55,"column":41}},"24":{"start":{"line":57,"column":4},"end":{"line":64,"column":5}},"25":{"start":{"line":58,"column":6},"end":{"line":60,"column":7}},"26":{"start":{"line":59,"column":8},"end":{"line":59,"column":78}},"27":{"start":{"line":61,"column":6},"end":{"line":63,"column":7}},"28":{"start":{"line":62,"column":8},"end":{"line":62,"column":80}},"29":{"start":{"line":65,"column":4},"end":{"line":65,"column":86}},"30":{"start":{"line":70,"column":22},"end":{"line":87,"column":1}},"31":{"start":{"line":71,"column":2},"end":{"line":86,"column":3}},"32":{"start":{"line":72,"column":19},"end":{"line":72,"column":29}},"33":{"start":{"line":73,"column":76},"end":{"line":73,"column":84}},"34":{"start":{"line":74,"column":19},"end":{"line":79,"column":5}},"35":{"start":{"line":80,"column":4},"end":{"line":82,"column":5}},"36":{"start":{"line":81,"column":6},"end":{"line":81,"column":72}},"37":{"start":{"line":83,"column":4},"end":{"line":83,"column":29}},"38":{"start":{"line":85,"column":4},"end":{"line":85,"column":76}},"39":{"start":{"line":90,"column":22},"end":{"line":103,"column":1}},"40":{"start":{"line":91,"column":2},"end":{"line":102,"column":3}},"41":{"start":{"line":92,"column":19},"end":{"line":92,"column":29}},"42":{"start":{"line":93,"column":19},"end":{"line":95,"column":5}},"43":{"start":{"line":96,"column":4},"end":{"line":98,"column":5}},"44":{"start":{"line":97,"column":6},"end":{"line":97,"column":72}},"45":{"start":{"line":99,"column":4},"end":{"line":99,"column":61}},"46":{"start":{"line":101,"column":4},"end":{"line":101,"column":74}},"47":{"start":{"line":105,"column":0},"end":{"line":111,"column":2}}},"fnMap":{"0":{"name":"(anonymous_0)","decl":{"start":{"line":4,"column":20},"end":{"line":4,"column":21}},"loc":{"start":{"line":4,"column":40},"end":{"line":28,"column":1}},"line":4},"1":{"name":"(anonymous_1)","decl":{"start":{"line":31,"column":23},"end":{"line":31,"column":24}},"loc":{"start":{"line":31,"column":43},"end":{"line":44,"column":1}},"line":31},"2":{"name":"(anonymous_2)","decl":{"start":{"line":47,"column":22},"end":{"line":47,"column":23}},"loc":{"start":{"line":47,"column":42},"end":{"line":67,"column":1}},"line":47},"3":{"name":"(anonymous_3)","decl":{"start":{"line":70,"column":22},"end":{"line":70,"column":23}},"loc":{"start":{"line":70,"column":42},"end":{"line":87,"column":1}},"line":70},"4":{"name":"(anonymous_4)","decl":{"start":{"line":90,"column":22},"end":{"line":90,"column":23}},"loc":{"start":{"line":90,"column":42},"end":{"line":103,"column":1}},"line":90}},"branchMap":{"0":{"loc":{"start":{"line":6,"column":29},"end":{"line":6,"column":58}},"type":"binary-expr","locations":[{"start":{"line":6,"column":29},"end":{"line":6,"column":53}},{"start":{"line":6,"column":57},"end":{"line":6,"column":58}}],"line":6},"1":{"loc":{"start":{"line":7,"column":44},"end":{"line":7,"column":75}},"type":"binary-expr","locations":[{"start":{"line":7,"column":44},"end":{"line":7,"column":69}},{"start":{"line":7,"column":73},"end":{"line":7,"column":75}}],"line":7},"2":{"loc":{"start":{"line":37,"column":4},"end":{"line":39,"column":5}},"type":"if","locations":[{"start":{"line":37,"column":4},"end":{"line":39,"column":5}},{"start":{},"end":{}}],"line":37},"3":{"loc":{"start":{"line":57,"column":4},"end":{"line":64,"column":5}},"type":"if","locations":[{"start":{"line":57,"column":4},"end":{"line":64,"column":5}},{"start":{},"end":{}}],"line":57},"4":{"loc":{"start":{"line":58,"column":6},"end":{"line":60,"column":7}},"type":"if","locations":[{"start":{"line":58,"column":6},"end":{"line":60,"column":7}},{"start":{},"end":{}}],"line":58},"5":{"loc":{"start":{"line":61,"column":6},"end":{"line":63,"column":7}},"type":"if","locations":[{"start":{"line":61,"column":6},"end":{"line":63,"column":7}},{"start":{},"end":{}}],"line":61},"6":{"loc":{"start":{"line":80,"column":4},"end":{"line":82,"column":5}},"type":"if","locations":[{"start":{"line":80,"column":4},"end":{"line":82,"column":5}},{"start":{},"end":{}}],"line":80},"7":{"loc":{"start":{"line":96,"column":4},"end":{"line":98,"column":5}},"type":"if","locations":[{"start":{"line":96,"column":4},"end":{"line":98,"column":5}},{"start":{},"end":{}}],"line":96}},"s":{"0":1,"1":1,"2":2,"3":2,"4":2,"5":2,"6":2,"7":1,"8":1,"9":1,"10":1,"11":1,"12":2,"13":2,"14":2,"15":2,"16":1,"17":1,"18":0,"19":1,"20":2,"21":2,"22":2,"23":1,"24":1,"25":1,"26":1,"27":0,"28":0,"29":0,"30":1,"31":2,"32":2,"33":2,"34":2,"35":2,"36":1,"37":1,"38":0,"39":1,"40":2,"41":2,"42":2,"43":2,"44":1,"45":1,"46":0,"47":1},"f":{"0":2,"1":2,"2":2,"3":2,"4":2},"b":{"0":[2,2],"1":[2,2],"2":[1,1],"3":[1,0],"4":[1,0],"5":[0,0],"6":[1,1],"7":[1,1]},"_coverageSchema":"1a1c01bbd47fc00a2c39e90264f33305004495a9","hash":"affef6970350d776e573713b6d6ef52fc3c16f56"}
,"C:\\Users\\Leonardo\\hackthonyperu-ventas\\backend\\src\\controllers\\facturas.controller.js": {"path":"C:\\Users\\Leonardo\\hackthonyperu-ventas\\backend\\src\\controllers\\facturas.controller.js","statementMap":{"0":{"start":{"line":1,"column":13},"end":{"line":1,"column":36}},"1":{"start":{"line":3,"column":20},"end":{"line":29,"column":1}},"2":{"start":{"line":4,"column":2},"end":{"line":28,"column":3}},"3":{"start":{"line":5,"column":17},"end":{"line":5,"column":59}},"4":{"start":{"line":6,"column":18},"end":{"line":6,"column":77}},"5":{"start":{"line":7,"column":19},"end":{"line":7,"column":37}},"6":{"start":{"line":9,"column":24},"end":{"line":9,"column":73}},"7":{"start":{"line":10,"column":18},"end":{"line":10,"column":53}},"8":{"start":{"line":12,"column":19},"end":{"line":23,"column":5}},"9":{"start":{"line":25,"column":4},"end":{"line":25,"column":94}},"10":{"start":{"line":27,"column":4},"end":{"line":27,"column":74}},"11":{"start":{"line":31,"column":23},"end":{"line":66,"column":1}},"12":{"start":{"line":32,"column":2},"end":{"line":65,"column":3}},"13":{"start":{"line":33,"column":19},"end":{"line":33,"column":29}},"14":{"start":{"line":34,"column":19},"end":{"line":47,"column":5}},"15":{"start":{"line":49,"column":4},"end":{"line":51,"column":5}},"16":{"start":{"line":50,"column":6},"end":{"line":50,"column":72}},"17":{"start":{"line":54,"column":20},"end":{"line":60,"column":5}},"18":{"start":{"line":62,"column":4},"end":{"line":62,"column":59}},"19":{"start":{"line":64,"column":4},"end":{"line":64,"column":73}},"20":{"start":{"line":68,"column":22},"end":{"line":114,"column":1}},"21":{"start":{"line":69,"column":2},"end":{"line":113,"column":3}},"22":{"start":{"line":70,"column":26},"end":{"line":70,"column":34}},"23":{"start":{"line":72,"column":4},"end":{"line":74,"column":5}},"24":{"start":{"line":73,"column":6},"end":{"line":73,"column":73}},"25":{"start":{"line":77,"column":19},"end":{"line":79,"column":5}},"26":{"start":{"line":81,"column":4},"end":{"line":83,"column":5}},"27":{"start":{"line":82,"column":6},"end":{"line":82,"column":71}},"28":{"start":{"line":85,"column":4},"end":{"line":87,"column":5}},"29":{"start":{"line":86,"column":6},"end":{"line":86,"column":103}},"30":{"start":{"line":90,"column":29},"end":{"line":92,"column":5}},"31":{"start":{"line":94,"column":4},"end":{"line":96,"column":5}},"32":{"start":{"line":95,"column":6},"end":{"line":95,"column":91}},"33":{"start":{"line":99,"column":24},"end":{"line":99,"column":73}},"34":{"start":{"line":100,"column":19},"end":{"line":100,"column":58}},"35":{"start":{"line":101,"column":25},"end":{"line":101,"column":66}},"36":{"start":{"line":103,"column":19},"end":{"line":108,"column":5}},"37":{"start":{"line":110,"column":4},"end":{"line":110,"column":41}},"38":{"start":{"line":112,"column":4},"end":{"line":112,"column":86}},"39":{"start":{"line":116,"column":22},"end":{"line":129,"column":1}},"40":{"start":{"line":117,"column":2},"end":{"line":128,"column":3}},"41":{"start":{"line":118,"column":19},"end":{"line":118,"column":29}},"42":{"start":{"line":119,"column":19},"end":{"line":121,"column":5}},"43":{"start":{"line":122,"column":4},"end":{"line":124,"column":5}},"44":{"start":{"line":123,"column":6},"end":{"line":123,"column":72}},"45":{"start":{"line":125,"column":4},"end":{"line":125,"column":29}},"46":{"start":{"line":127,"column":4},"end":{"line":127,"column":72}},"47":{"start":{"line":131,"column":20},"end":{"line":176,"column":1}},"48":{"start":{"line":132,"column":2},"end":{"line":175,"column":3}},"49":{"start":{"line":133,"column":26},"end":{"line":140,"column":5}},"50":{"start":{"line":142,"column":28},"end":{"line":145,"column":5}},"51":{"start":{"line":147,"column":25},"end":{"line":155,"column":5}},"52":{"start":{"line":157,"column":25},"end":{"line":165,"column":5}},"53":{"start":{"line":167,"column":4},"end":{"line":172,"column":7}},"54":{"start":{"line":174,"column":4},"end":{"line":174,"column":74}},"55":{"start":{"line":178,"column":0},"end":{"line":178,"column":92}}},"fnMap":{"0":{"name":"(anonymous_0)","decl":{"start":{"line":3,"column":20},"end":{"line":3,"column":21}},"loc":{"start":{"line":3,"column":40},"end":{"line":29,"column":1}},"line":3},"1":{"name":"(anonymous_1)","decl":{"start":{"line":31,"column":23},"end":{"line":31,"column":24}},"loc":{"start":{"line":31,"column":43},"end":{"line":66,"column":1}},"line":31},"2":{"name":"(anonymous_2)","decl":{"start":{"line":68,"column":22},"end":{"line":68,"column":23}},"loc":{"start":{"line":68,"column":42},"end":{"line":114,"column":1}},"line":68},"3":{"name":"(anonymous_3)","decl":{"start":{"line":116,"column":22},"end":{"line":116,"column":23}},"loc":{"start":{"line":116,"column":42},"end":{"line":129,"column":1}},"line":116},"4":{"name":"(anonymous_4)","decl":{"start":{"line":131,"column":20},"end":{"line":131,"column":21}},"loc":{"start":{"line":131,"column":40},"end":{"line":176,"column":1}},"line":131}},"branchMap":{"0":{"loc":{"start":{"line":5,"column":29},"end":{"line":5,"column":58}},"type":"binary-expr","locations":[{"start":{"line":5,"column":29},"end":{"line":5,"column":53}},{"start":{"line":5,"column":57},"end":{"line":5,"column":58}}],"line":5},"1":{"loc":{"start":{"line":6,"column":44},"end":{"line":6,"column":75}},"type":"binary-expr","locations":[{"start":{"line":6,"column":44},"end":{"line":6,"column":69}},{"start":{"line":6,"column":73},"end":{"line":6,"column":75}}],"line":6},"2":{"loc":{"start":{"line":49,"column":4},"end":{"line":51,"column":5}},"type":"if","locations":[{"start":{"line":49,"column":4},"end":{"line":51,"column":5}},{"start":{},"end":{}}],"line":49},"3":{"loc":{"start":{"line":72,"column":4},"end":{"line":74,"column":5}},"type":"if","locations":[{"start":{"line":72,"column":4},"end":{"line":74,"column":5}},{"start":{},"end":{}}],"line":72},"4":{"loc":{"start":{"line":81,"column":4},"end":{"line":83,"column":5}},"type":"if","locations":[{"start":{"line":81,"column":4},"end":{"line":83,"column":5}},{"start":{},"end":{}}],"line":81},"5":{"loc":{"start":{"line":85,"column":4},"end":{"line":87,"column":5}},"type":"if","locations":[{"start":{"line":85,"column":4},"end":{"line":87,"column":5}},{"start":{},"end":{}}],"line":85},"6":{"loc":{"start":{"line":94,"column":4},"end":{"line":96,"column":5}},"type":"if","locations":[{"start":{"line":94,"column":4},"end":{"line":96,"column":5}},{"start":{},"end":{}}],"line":94},"7":{"loc":{"start":{"line":122,"column":4},"end":{"line":124,"column":5}},"type":"if","locations":[{"start":{"line":122,"column":4},"end":{"line":124,"column":5}},{"start":{},"end":{}}],"line":122}},"s":{"0":1,"1":1,"2":2,"3":2,"4":2,"5":2,"6":2,"7":1,"8":1,"9":1,"10":1,"11":1,"12":2,"13":2,"14":2,"15":2,"16":1,"17":1,"18":1,"19":0,"20":1,"21":5,"22":5,"23":5,"24":1,"25":4,"26":4,"27":1,"28":3,"29":1,"30":2,"31":2,"32":1,"33":1,"34":1,"35":1,"36":1,"37":1,"38":0,"39":1,"40":2,"41":2,"42":2,"43":2,"44":1,"45":1,"46":0,"47":1,"48":2,"49":2,"50":1,"51":1,"52":1,"53":1,"54":1,"55":1},"f":{"0":2,"1":2,"2":5,"3":2,"4":2},"b":{"0":[2,2],"1":[2,2],"2":[1,1],"3":[1,4],"4":[1,3],"5":[1,2],"6":[1,1],"7":[1,1]},"_coverageSchema":"1a1c01bbd47fc00a2c39e90264f33305004495a9","hash":"3a43de8a3ef296852f26ee165b1fa586080d3a23"}
,"C:\\Users\\Leonardo\\hackthonyperu-ventas\\backend\\src\\controllers\\pedidos.controller.js": {"path":"C:\\Users\\Leonardo\\hackthonyperu-ventas\\backend\\src\\controllers\\pedidos.controller.js","statementMap":{"0":{"start":{"line":1,"column":13},"end":{"line":1,"column":36}},"1":{"start":{"line":3,"column":19},"end":{"line":28,"column":1}},"2":{"start":{"line":4,"column":2},"end":{"line":27,"column":3}},"3":{"start":{"line":5,"column":17},"end":{"line":5,"column":59}},"4":{"start":{"line":6,"column":18},"end":{"line":6,"column":77}},"5":{"start":{"line":7,"column":19},"end":{"line":7,"column":37}},"6":{"start":{"line":9,"column":24},"end":{"line":9,"column":72}},"7":{"start":{"line":10,"column":18},"end":{"line":10,"column":53}},"8":{"start":{"line":12,"column":19},"end":{"line":22,"column":5}},"9":{"start":{"line":24,"column":4},"end":{"line":24,"column":94}},"10":{"start":{"line":26,"column":4},"end":{"line":26,"column":73}},"11":{"start":{"line":30,"column":22},"end":{"line":61,"column":1}},"12":{"start":{"line":31,"column":2},"end":{"line":60,"column":3}},"13":{"start":{"line":32,"column":19},"end":{"line":32,"column":29}},"14":{"start":{"line":34,"column":19},"end":{"line":43,"column":5}},"15":{"start":{"line":45,"column":4},"end":{"line":47,"column":5}},"16":{"start":{"line":46,"column":6},"end":{"line":46,"column":71}},"17":{"start":{"line":49,"column":20},"end":{"line":55,"column":5}},"18":{"start":{"line":57,"column":4},"end":{"line":57,"column":59}},"19":{"start":{"line":59,"column":4},"end":{"line":59,"column":72}},"20":{"start":{"line":63,"column":21},"end":{"line":132,"column":1}},"21":{"start":{"line":64,"column":17},"end":{"line":64,"column":37}},"22":{"start":{"line":65,"column":2},"end":{"line":131,"column":3}},"23":{"start":{"line":66,"column":4},"end":{"line":66,"column":32}},"24":{"start":{"line":68,"column":51},"end":{"line":68,"column":59}},"25":{"start":{"line":69,"column":23},"end":{"line":69,"column":37}},"26":{"start":{"line":71,"column":4},"end":{"line":73,"column":5}},"27":{"start":{"line":72,"column":6},"end":{"line":72,"column":96}},"28":{"start":{"line":76,"column":26},"end":{"line":76,"column":45}},"29":{"start":{"line":79,"column":19},"end":{"line":79,"column":20}},"30":{"start":{"line":80,"column":4},"end":{"line":82,"column":5}},"31":{"start":{"line":81,"column":6},"end":{"line":81,"column":55}},"32":{"start":{"line":83,"column":16},"end":{"line":83,"column":31}},"33":{"start":{"line":84,"column":18},"end":{"line":84,"column":32}},"34":{"start":{"line":87,"column":25},"end":{"line":91,"column":5}},"35":{"start":{"line":93,"column":19},"end":{"line":93,"column":39}},"36":{"start":{"line":96,"column":4},"end":{"line":122,"column":5}},"37":{"start":{"line":97,"column":27},"end":{"line":97,"column":63}},"38":{"start":{"line":99,"column":6},"end":{"line":103,"column":8}},"39":{"start":{"line":106,"column":6},"end":{"line":109,"column":8}},"40":{"start":{"line":112,"column":26},"end":{"line":114,"column":7}},"41":{"start":{"line":115,"column":26},"end":{"line":115,"column":51}},"42":{"start":{"line":117,"column":6},"end":{"line":121,"column":8}},"43":{"start":{"line":124,"column":4},"end":{"line":124,"column":33}},"44":{"start":{"line":125,"column":4},"end":{"line":125,"column":33}},"45":{"start":{"line":127,"column":4},"end":{"line":127,"column":35}},"46":{"start":{"line":128,"column":4},"end":{"line":128,"column":85}},"47":{"start":{"line":130,"column":4},"end":{"line":130,"column":21}},"48":{"start":{"line":134,"column":27},"end":{"line":160,"column":1}},"49":{"start":{"line":135,"column":2},"end":{"line":159,"column":3}},"50":{"start":{"line":136,"column":19},"end":{"line":136,"column":29}},"51":{"start":{"line":137,"column":23},"end":{"line":137,"column":31}},"52":{"start":{"line":139,"column":27},"end":{"line":139,"column":80}},"53":{"start":{"line":140,"column":4},"end":{"line":142,"column":5}},"54":{"start":{"line":141,"column":6},"end":{"line":141,"column":67}},"55":{"start":{"line":144,"column":19},"end":{"line":149,"column":5}},"56":{"start":{"line":151,"column":4},"end":{"line":153,"column":5}},"57":{"start":{"line":152,"column":6},"end":{"line":152,"column":71}},"58":{"start":{"line":155,"column":4},"end":{"line":155,"column":29}},"59":{"start":{"line":157,"column":4},"end":{"line":157,"column":62}},"60":{"start":{"line":158,"column":4},"end":{"line":158,"column":90}},"61":{"start":{"line":162,"column":0},"end":{"line":162,"column":81}}},"fnMap":{"0":{"name":"(anonymous_0)","decl":{"start":{"line":3,"column":19},"end":{"line":3,"column":20}},"loc":{"start":{"line":3,"column":39},"end":{"line":28,"column":1}},"line":3},"1":{"name":"(anonymous_1)","decl":{"start":{"line":30,"column":22},"end":{"line":30,"column":23}},"loc":{"start":{"line":30,"column":42},"end":{"line":61,"column":1}},"line":30},"2":{"name":"(anonymous_2)","decl":{"start":{"line":63,"column":21},"end":{"line":63,"column":22}},"loc":{"start":{"line":63,"column":41},"end":{"line":132,"column":1}},"line":63},"3":{"name":"(anonymous_3)","decl":{"start":{"line":134,"column":27},"end":{"line":134,"column":28}},"loc":{"start":{"line":134,"column":47},"end":{"line":160,"column":1}},"line":134}},"branchMap":{"0":{"loc":{"start":{"line":5,"column":29},"end":{"line":5,"column":58}},"type":"binary-expr","locations":[{"start":{"line":5,"column":29},"end":{"line":5,"column":53}},{"start":{"line":5,"column":57},"end":{"line":5,"column":58}}],"line":5},"1":{"loc":{"start":{"line":6,"column":44},"end":{"line":6,"column":75}},"type":"binary-expr","locations":[{"start":{"line":6,"column":44},"end":{"line":6,"column":69}},{"start":{"line":6,"column":73},"end":{"line":6,"column":75}}],"line":6},"2":{"loc":{"start":{"line":45,"column":4},"end":{"line":47,"column":5}},"type":"if","locations":[{"start":{"line":45,"column":4},"end":{"line":47,"column":5}},{"start":{},"end":{}}],"line":45},"3":{"loc":{"start":{"line":71,"column":4},"end":{"line":73,"column":5}},"type":"if","locations":[{"start":{"line":71,"column":4},"end":{"line":73,"column":5}},{"start":{},"end":{}}],"line":71},"4":{"loc":{"start":{"line":71,"column":8},"end":{"line":71,"column":55}},"type":"binary-expr","locations":[{"start":{"line":71,"column":8},"end":{"line":71,"column":19}},{"start":{"line":71,"column":23},"end":{"line":71,"column":31}},{"start":{"line":71,"column":35},"end":{"line":71,"column":55}}],"line":71},"5":{"loc":{"start":{"line":90,"column":101},"end":{"line":90,"column":122}},"type":"binary-expr","locations":[{"start":{"line":90,"column":101},"end":{"line":90,"column":114}},{"start":{"line":90,"column":118},"end":{"line":90,"column":122}}],"line":90},"6":{"loc":{"start":{"line":140,"column":4},"end":{"line":142,"column":5}},"type":"if","locations":[{"start":{"line":140,"column":4},"end":{"line":142,"column":5}},{"start":{},"end":{}}],"line":140},"7":{"loc":{"start":{"line":151,"column":4},"end":{"line":153,"column":5}},"type":"if","locations":[{"start":{"line":151,"column":4},"end":{"line":153,"column":5}},{"start":{},"end":{}}],"line":151}},"s":{"0":1,"1":1,"2":2,"3":2,"4":2,"5":2,"6":2,"7":1,"8":1,"9":1,"10":1,"11":1,"12":2,"13":2,"14":2,"15":2,"16":1,"17":1,"18":1,"19":0,"20":1,"21":0,"22":0,"23":0,"24":0,"25":0,"26":0,"27":0,"28":0,"29":0,"30":0,"31":0,"32":0,"33":0,"34":0,"35":0,"36":0,"37":0,"38":0,"39":0,"40":0,"41":0,"42":0,"43":0,"44":0,"45":0,"46":0,"47":0,"48":1,"49":3,"50":3,"51":3,"52":3,"53":3,"54":1,"55":2,"56":2,"57":1,"58":1,"59":0,"60":0,"61":1},"f":{"0":2,"1":2,"2":0,"3":3},"b":{"0":[2,2],"1":[2,2],"2":[1,1],"3":[0,0],"4":[0,0,0],"5":[0,0],"6":[1,2],"7":[1,1]},"_coverageSchema":"1a1c01bbd47fc00a2c39e90264f33305004495a9","hash":"9eae1cbf851a7d575a3fdebf819c2b8fdd07cdc1"}
,"C:\\Users\\Leonardo\\hackthonyperu-ventas\\backend\\src\\controllers\\productos.controller.js": {"path":"C:\\Users\\Leonardo\\hackthonyperu-ventas\\backend\\src\\controllers\\productos.controller.js","statementMap":{"0":{"start":{"line":1,"column":13},"end":{"line":1,"column":36}},"1":{"start":{"line":3,"column":21},"end":{"line":31,"column":1}},"2":{"start":{"line":4,"column":2},"end":{"line":30,"column":3}},"3":{"start":{"line":5,"column":17},"end":{"line":5,"column":59}},"4":{"start":{"line":6,"column":18},"end":{"line":6,"column":77}},"5":{"start":{"line":7,"column":19},"end":{"line":7,"column":37}},"6":{"start":{"line":9,"column":24},"end":{"line":9,"column":74}},"7":{"start":{"line":10,"column":18},"end":{"line":10,"column":53}},"8":{"start":{"line":12,"column":19},"end":{"line":19,"column":5}},"9":{"start":{"line":21,"column":4},"end":{"line":27,"column":7}},"10":{"start":{"line":29,"column":4},"end":{"line":29,"column":75}},"11":{"start":{"line":33,"column":24},"end":{"line":50,"column":1}},"12":{"start":{"line":34,"column":2},"end":{"line":49,"column":3}},"13":{"start":{"line":35,"column":19},"end":{"line":35,"column":29}},"14":{"start":{"line":36,"column":19},"end":{"line":42,"column":5}},"15":{"start":{"line":43,"column":4},"end":{"line":45,"column":5}},"16":{"start":{"line":44,"column":6},"end":{"line":44,"column":73}},"17":{"start":{"line":46,"column":4},"end":{"line":46,"column":29}},"18":{"start":{"line":48,"column":4},"end":{"line":48,"column":74}},"19":{"start":{"line":52,"column":23},"end":{"line":67,"column":1}},"20":{"start":{"line":53,"column":2},"end":{"line":66,"column":3}},"21":{"start":{"line":54,"column":91},"end":{"line":54,"column":99}},"22":{"start":{"line":55,"column":4},"end":{"line":57,"column":5}},"23":{"start":{"line":56,"column":6},"end":{"line":56,"column":92}},"24":{"start":{"line":58,"column":19},"end":{"line":62,"column":5}},"25":{"start":{"line":63,"column":4},"end":{"line":63,"column":41}},"26":{"start":{"line":65,"column":4},"end":{"line":65,"column":87}},"27":{"start":{"line":69,"column":23},"end":{"line":86,"column":1}},"28":{"start":{"line":70,"column":2},"end":{"line":85,"column":3}},"29":{"start":{"line":71,"column":19},"end":{"line":71,"column":29}},"30":{"start":{"line":72,"column":99},"end":{"line":72,"column":107}},"31":{"start":{"line":73,"column":19},"end":{"line":78,"column":5}},"32":{"start":{"line":79,"column":4},"end":{"line":81,"column":5}},"33":{"start":{"line":80,"column":6},"end":{"line":80,"column":73}},"34":{"start":{"line":82,"column":4},"end":{"line":82,"column":29}},"35":{"start":{"line":84,"column":4},"end":{"line":84,"column":77}},"36":{"start":{"line":88,"column":23},"end":{"line":101,"column":1}},"37":{"start":{"line":89,"column":2},"end":{"line":100,"column":3}},"38":{"start":{"line":90,"column":19},"end":{"line":90,"column":29}},"39":{"start":{"line":91,"column":19},"end":{"line":93,"column":5}},"40":{"start":{"line":94,"column":4},"end":{"line":96,"column":5}},"41":{"start":{"line":95,"column":6},"end":{"line":95,"column":73}},"42":{"start":{"line":97,"column":4},"end":{"line":97,"column":62}},"43":{"start":{"line":99,"column":4},"end":{"line":99,"column":75}},"44":{"start":{"line":103,"column":0},"end":{"line":109,"column":2}}},"fnMap":{"0":{"name":"(anonymous_0)","decl":{"start":{"line":3,"column":21},"end":{"line":3,"column":22}},"loc":{"start":{"line":3,"column":41},"end":{"line":31,"column":1}},"line":3},"1":{"name":"(anonymous_1)","decl":{"start":{"line":33,"column":24},"end":{"line":33,"column":25}},"loc":{"start":{"line":33,"column":44},"end":{"line":50,"column":1}},"line":33},"2":{"name":"(anonymous_2)","decl":{"start":{"line":52,"column":23},"end":{"line":52,"column":24}},"loc":{"start":{"line":52,"column":43},"end":{"line":67,"column":1}},"line":52},"3":{"name":"(anonymous_3)","decl":{"start":{"line":69,"column":23},"end":{"line":69,"column":24}},"loc":{"start":{"line":69,"column":43},"end":{"line":86,"column":1}},"line":69},"4":{"name":"(anonymous_4)","decl":{"start":{"line":88,"column":23},"end":{"line":88,"column":24}},"loc":{"start":{"line":88,"column":43},"end":{"line":101,"column":1}},"line":88}},"branchMap":{"0":{"loc":{"start":{"line":5,"column":29},"end":{"line":5,"column":58}},"type":"binary-expr","locations":[{"start":{"line":5,"column":29},"end":{"line":5,"column":53}},{"start":{"line":5,"column":57},"end":{"line":5,"column":58}}],"line":5},"1":{"loc":{"start":{"line":6,"column":44},"end":{"line":6,"column":75}},"type":"binary-expr","locations":[{"start":{"line":6,"column":44},"end":{"line":6,"column":69}},{"start":{"line":6,"column":73},"end":{"line":6,"column":75}}],"line":6},"2":{"loc":{"start":{"line":43,"column":4},"end":{"line":45,"column":5}},"type":"if","locations":[{"start":{"line":43,"column":4},"end":{"line":45,"column":5}},{"start":{},"end":{}}],"line":43},"3":{"loc":{"start":{"line":55,"column":4},"end":{"line":57,"column":5}},"type":"if","locations":[{"start":{"line":55,"column":4},"end":{"line":57,"column":5}},{"start":{},"end":{}}],"line":55},"4":{"loc":{"start":{"line":55,"column":8},"end":{"line":55,"column":43}},"type":"binary-expr","locations":[{"start":{"line":55,"column":8},"end":{"line":55,"column":21}},{"start":{"line":55,"column":25},"end":{"line":55,"column":32}},{"start":{"line":55,"column":36},"end":{"line":55,"column":43}}],"line":55},"5":{"loc":{"start":{"line":61,"column":29},"end":{"line":61,"column":48}},"type":"binary-expr","locations":[{"start":{"line":61,"column":29},"end":{"line":61,"column":40}},{"start":{"line":61,"column":44},"end":{"line":61,"column":48}}],"line":61},"6":{"loc":{"start":{"line":61,"column":58},"end":{"line":61,"column":68}},"type":"binary-expr","locations":[{"start":{"line":61,"column":58},"end":{"line":61,"column":63}},{"start":{"line":61,"column":67},"end":{"line":61,"column":68}}],"line":61},"7":{"loc":{"start":{"line":61,"column":70},"end":{"line":61,"column":87}},"type":"binary-expr","locations":[{"start":{"line":61,"column":70},"end":{"line":61,"column":82}},{"start":{"line":61,"column":86},"end":{"line":61,"column":87}}],"line":61},"8":{"loc":{"start":{"line":61,"column":89},"end":{"line":61,"column":107}},"type":"binary-expr","locations":[{"start":{"line":61,"column":89},"end":{"line":61,"column":99}},{"start":{"line":61,"column":103},"end":{"line":61,"column":107}}],"line":61},"9":{"loc":{"start":{"line":77,"column":29},"end":{"line":77,"column":48}},"type":"binary-expr","locations":[{"start":{"line":77,"column":29},"end":{"line":77,"column":40}},{"start":{"line":77,"column":44},"end":{"line":77,"column":48}}],"line":77},"10":{"loc":{"start":{"line":77,"column":65},"end":{"line":77,"column":82}},"type":"binary-expr","locations":[{"start":{"line":77,"column":65},"end":{"line":77,"column":77}},{"start":{"line":77,"column":81},"end":{"line":77,"column":82}}],"line":77},"11":{"loc":{"start":{"line":77,"column":84},"end":{"line":77,"column":102}},"type":"binary-expr","locations":[{"start":{"line":77,"column":84},"end":{"line":77,"column":94}},{"start":{"line":77,"column":98},"end":{"line":77,"column":102}}],"line":77},"12":{"loc":{"start":{"line":77,"column":104},"end":{"line":77,"column":122}},"type":"binary-expr","locations":[{"start":{"line":77,"column":104},"end":{"line":77,"column":110}},{"start":{"line":77,"column":114},"end":{"line":77,"column":122}}],"line":77},"13":{"loc":{"start":{"line":79,"column":4},"end":{"line":81,"column":5}},"type":"if","locations":[{"start":{"line":79,"column":4},"end":{"line":81,"column":5}},{"start":{},"end":{}}],"line":79},"14":{"loc":{"start":{"line":94,"column":4},"end":{"line":96,"column":5}},"type":"if","locations":[{"start":{"line":94,"column":4},"end":{"line":96,"column":5}},{"start":{},"end":{}}],"line":94}},"s":{"0":1,"1":1,"2":2,"3":2,"4":2,"5":2,"6":2,"7":1,"8":1,"9":1,"10":1,"11":1,"12":2,"13":2,"14":2,"15":2,"16":1,"17":1,"18":0,"19":1,"20":3,"21":3,"22":3,"23":1,"24":2,"25":1,"26":1,"27":1,"28":2,"29":2,"30":2,"31":2,"32":2,"33":1,"34":1,"35":0,"36":1,"37":2,"38":2,"39":2,"40":2,"41":1,"42":1,"43":0,"44":1},"f":{"0":2,"1":2,"2":3,"3":2,"4":2},"b":{"0":[2,2],"1":[2,2],"2":[1,1],"3":[1,2],"4":[3,2,2],"5":[2,2],"6":[2,1],"7":[2,1],"8":[2,2],"9":[2,2],"10":[2,1],"11":[2,2],"12":[2,0],"13":[1,1],"14":[1,1]},"_coverageSchema":"1a1c01bbd47fc00a2c39e90264f33305004495a9","hash":"540a8ee38f53746ea6c7263623e8a16e7497a3c6"}
,"C:\\Users\\Leonardo\\hackthonyperu-ventas\\backend\\src\\middlewares\\auth.middleware.js": {"path":"C:\\Users\\Leonardo\\hackthonyperu-ventas\\backend\\src\\middlewares\\auth.middleware.js","statementMap":{"0":{"start":{"line":1,"column":27},"end":{"line":1,"column":51}},"1":{"start":{"line":3,"column":22},"end":{"line":21,"column":1}},"2":{"start":{"line":4,"column":2},"end":{"line":20,"column":3}},"3":{"start":{"line":5,"column":23},"end":{"line":5,"column":48}},"4":{"start":{"line":7,"column":4},"end":{"line":9,"column":5}},"5":{"start":{"line":8,"column":6},"end":{"line":8,"column":73}},"6":{"start":{"line":11,"column":18},"end":{"line":11,"column":42}},"7":{"start":{"line":14,"column":20},"end":{"line":14,"column":41}},"8":{"start":{"line":15,"column":4},"end":{"line":15,"column":26}},"9":{"start":{"line":16,"column":4},"end":{"line":16,"column":11}},"10":{"start":{"line":19,"column":4},"end":{"line":19,"column":85}},"11":{"start":{"line":23,"column":21},"end":{"line":33,"column":1}},"12":{"start":{"line":24,"column":2},"end":{"line":32,"column":4}},"13":{"start":{"line":25,"column":4},"end":{"line":27,"column":5}},"14":{"start":{"line":26,"column":6},"end":{"line":26,"column":65}},"15":{"start":{"line":28,"column":4},"end":{"line":30,"column":5}},"16":{"start":{"line":29,"column":6},"end":{"line":29,"column":86}},"17":{"start":{"line":31,"column":4},"end":{"line":31,"column":11}},"18":{"start":{"line":35,"column":0},"end":{"line":35,"column":49}}},"fnMap":{"0":{"name":"(anonymous_0)","decl":{"start":{"line":3,"column":22},"end":{"line":3,"column":23}},"loc":{"start":{"line":3,"column":42},"end":{"line":21,"column":1}},"line":3},"1":{"name":"(anonymous_1)","decl":{"start":{"line":23,"column":21},"end":{"line":23,"column":22}},"loc":{"start":{"line":23,"column":35},"end":{"line":33,"column":1}},"line":23},"2":{"name":"(anonymous_2)","decl":{"start":{"line":24,"column":9},"end":{"line":24,"column":10}},"loc":{"start":{"line":24,"column":29},"end":{"line":32,"column":3}},"line":24}},"branchMap":{"0":{"loc":{"start":{"line":7,"column":4},"end":{"line":9,"column":5}},"type":"if","locations":[{"start":{"line":7,"column":4},"end":{"line":9,"column":5}},{"start":{},"end":{}}],"line":7},"1":{"loc":{"start":{"line":7,"column":8},"end":{"line":7,"column":56}},"type":"binary-expr","locations":[{"start":{"line":7,"column":8},"end":{"line":7,"column":19}},{"start":{"line":7,"column":23},"end":{"line":7,"column":56}}],"line":7},"2":{"loc":{"start":{"line":25,"column":4},"end":{"line":27,"column":5}},"type":"if","locations":[{"start":{"line":25,"column":4},"end":{"line":27,"column":5}},{"start":{},"end":{}}],"line":25},"3":{"loc":{"start":{"line":28,"column":4},"end":{"line":30,"column":5}},"type":"if","locations":[{"start":{"line":28,"column":4},"end":{"line":30,"column":5}},{"start":{},"end":{}}],"line":28}},"s":{"0":6,"1":6,"2":61,"3":61,"4":61,"5":6,"6":55,"7":55,"8":55,"9":55,"10":0,"11":6,"12":0,"13":0,"14":0,"15":0,"16":0,"17":0,"18":6},"f":{"0":61,"1":0,"2":0},"b":{"0":[6,55],"1":[61,55],"2":[0,0],"3":[0,0]},"_coverageSchema":"1a1c01bbd47fc00a2c39e90264f33305004495a9","hash":"4b07f58dbfed8c970cabea29a513e8dafa9cc8de"}
,"C:\\Users\\Leonardo\\hackthonyperu-ventas\\backend\\src\\routes\\auth.routes.js": {"path":"C:\\Users\\Leonardo\\hackthonyperu-ventas\\backend\\src\\routes\\auth.routes.js","statementMap":{"0":{"start":{"line":1,"column":16},"end":{"line":1,"column":34}},"1":{"start":{"line":2,"column":15},"end":{"line":2,"column":31}},"2":{"start":{"line":3,"column":33},"end":{"line":3,"column":74}},"3":{"start":{"line":4,"column":26},"end":{"line":4,"column":67}},"4":{"start":{"line":6,"column":0},"end":{"line":6,"column":29}},"5":{"start":{"line":7,"column":0},"end":{"line":7,"column":46}},"6":{"start":{"line":8,"column":0},"end":{"line":8,"column":40}},"7":{"start":{"line":10,"column":0},"end":{"line":10,"column":24}}},"fnMap":{},"branchMap":{},"s":{"0":1,"1":1,"2":1,"3":1,"4":1,"5":1,"6":1,"7":1},"f":{},"b":{},"_coverageSchema":"1a1c01bbd47fc00a2c39e90264f33305004495a9","hash":"361e00c44e4448c5b2cfc2eef0817c2100001d1b"}
,"C:\\Users\\Leonardo\\hackthonyperu-ventas\\backend\\src\\routes\\categorias.routes.js": {"path":"C:\\Users\\Leonardo\\hackthonyperu-ventas\\backend\\src\\routes\\categorias.routes.js","statementMap":{"0":{"start":{"line":1,"column":16},"end":{"line":1,"column":34}},"1":{"start":{"line":2,"column":15},"end":{"line":2,"column":31}},"2":{"start":{"line":9,"column":4},"end":{"line":9,"column":51}},"3":{"start":{"line":10,"column":26},"end":{"line":10,"column":67}},"4":{"start":{"line":12,"column":0},"end":{"line":12,"column":46}},"5":{"start":{"line":13,"column":0},"end":{"line":13,"column":52}},"6":{"start":{"line":14,"column":0},"end":{"line":14,"column":49}},"7":{"start":{"line":15,"column":0},"end":{"line":15,"column":51}},"8":{"start":{"line":16,"column":0},"end":{"line":16,"column":54}},"9":{"start":{"line":18,"column":0},"end":{"line":18,"column":24}}},"fnMap":{},"branchMap":{},"s":{"0":1,"1":1,"2":1,"3":1,"4":1,"5":1,"6":1,"7":1,"8":1,"9":1},"f":{},"b":{},"_coverageSchema":"1a1c01bbd47fc00a2c39e90264f33305004495a9","hash":"34e14afa9c6202b4e258bd17b9d4be41da7ba2d2"}
,"C:\\Users\\Leonardo\\hackthonyperu-ventas\\backend\\src\\routes\\clientes.routes.js": {"path":"C:\\Users\\Leonardo\\hackthonyperu-ventas\\backend\\src\\routes\\clientes.routes.js","statementMap":{"0":{"start":{"line":1,"column":16},"end":{"line":1,"column":34}},"1":{"start":{"line":2,"column":15},"end":{"line":2,"column":31}},"2":{"start":{"line":9,"column":4},"end":{"line":9,"column":49}},"3":{"start":{"line":10,"column":26},"end":{"line":10,"column":67}},"4":{"start":{"line":12,"column":0},"end":{"line":12,"column":44}},"5":{"start":{"line":13,"column":0},"end":{"line":13,"column":50}},"6":{"start":{"line":14,"column":0},"end":{"line":14,"column":47}},"7":{"start":{"line":15,"column":0},"end":{"line":15,"column":49}},"8":{"start":{"line":16,"column":0},"end":{"line":16,"column":52}},"9":{"start":{"line":18,"column":0},"end":{"line":18,"column":24}}},"fnMap":{},"branchMap":{},"s":{"0":1,"1":1,"2":1,"3":1,"4":1,"5":1,"6":1,"7":1,"8":1,"9":1},"f":{},"b":{},"_coverageSchema":"1a1c01bbd47fc00a2c39e90264f33305004495a9","hash":"976c7ecb9851ef65cb247c672c927a03062dce48"}
,"C:\\Users\\Leonardo\\hackthonyperu-ventas\\backend\\src\\routes\\facturas.routes.js": {"path":"C:\\Users\\Leonardo\\hackthonyperu-ventas\\backend\\src\\routes\\facturas.routes.js","statementMap":{"0":{"start":{"line":1,"column":16},"end":{"line":1,"column":34}},"1":{"start":{"line":2,"column":15},"end":{"line":2,"column":31}},"2":{"start":{"line":9,"column":4},"end":{"line":9,"column":49}},"3":{"start":{"line":10,"column":26},"end":{"line":10,"column":67}},"4":{"start":{"line":12,"column":0},"end":{"line":12,"column":52}},"5":{"start":{"line":13,"column":0},"end":{"line":13,"column":44}},"6":{"start":{"line":14,"column":0},"end":{"line":14,"column":50}},"7":{"start":{"line":15,"column":0},"end":{"line":15,"column":47}},"8":{"start":{"line":16,"column":0},"end":{"line":16,"column":56}},"9":{"start":{"line":18,"column":0},"end":{"line":18,"column":24}}},"fnMap":{},"branchMap":{},"s":{"0":1,"1":1,"2":1,"3":1,"4":1,"5":1,"6":1,"7":1,"8":1,"9":1},"f":{},"b":{},"_coverageSchema":"1a1c01bbd47fc00a2c39e90264f33305004495a9","hash":"c513e42a03a7a16b2fe6f843aeb3de8c4f3c50c6"}
,"C:\\Users\\Leonardo\\hackthonyperu-ventas\\backend\\src\\routes\\pedidos.routes.js": {"path":"C:\\Users\\Leonardo\\hackthonyperu-ventas\\backend\\src\\routes\\pedidos.routes.js","statementMap":{"0":{"start":{"line":1,"column":16},"end":{"line":1,"column":34}},"1":{"start":{"line":2,"column":15},"end":{"line":2,"column":31}},"2":{"start":{"line":8,"column":4},"end":{"line":8,"column":48}},"3":{"start":{"line":9,"column":26},"end":{"line":9,"column":67}},"4":{"start":{"line":11,"column":0},"end":{"line":11,"column":43}},"5":{"start":{"line":12,"column":0},"end":{"line":12,"column":49}},"6":{"start":{"line":13,"column":0},"end":{"line":13,"column":46}},"7":{"start":{"line":14,"column":0},"end":{"line":14,"column":61}},"8":{"start":{"line":16,"column":0},"end":{"line":16,"column":24}}},"fnMap":{},"branchMap":{},"s":{"0":1,"1":1,"2":1,"3":1,"4":1,"5":1,"6":1,"7":1,"8":1},"f":{},"b":{},"_coverageSchema":"1a1c01bbd47fc00a2c39e90264f33305004495a9","hash":"896ce33d46bec103c65909701cf1e25bfc657936"}
,"C:\\Users\\Leonardo\\hackthonyperu-ventas\\backend\\src\\routes\\productos.routes.js": {"path":"C:\\Users\\Leonardo\\hackthonyperu-ventas\\backend\\src\\routes\\productos.routes.js","statementMap":{"0":{"start":{"line":1,"column":16},"end":{"line":1,"column":34}},"1":{"start":{"line":2,"column":15},"end":{"line":2,"column":31}},"2":{"start":{"line":9,"column":4},"end":{"line":9,"column":50}},"3":{"start":{"line":10,"column":26},"end":{"line":10,"column":67}},"4":{"start":{"line":12,"column":0},"end":{"line":12,"column":45}},"5":{"start":{"line":13,"column":0},"end":{"line":13,"column":51}},"6":{"start":{"line":14,"column":0},"end":{"line":14,"column":48}},"7":{"start":{"line":15,"column":0},"end":{"line":15,"column":50}},"8":{"start":{"line":16,"column":0},"end":{"line":16,"column":53}},"9":{"start":{"line":18,"column":0},"end":{"line":18,"column":24}}},"fnMap":{},"branchMap":{},"s":{"0":1,"1":1,"2":1,"3":1,"4":1,"5":1,"6":1,"7":1,"8":1,"9":1},"f":{},"b":{},"_coverageSchema":"1a1c01bbd47fc00a2c39e90264f33305004495a9","hash":"061586b19863e75a859711ee182a9f2465466810"}
}
