TN:
SF:src\config\jwt.js
FN:7,(anonymous_0)
FN:11,(anonymous_1)
FNF:2
FNH:2
FNDA:7,(anonymous_0)
FNDA:55,(anonymous_1)
DA:1,6
DA:2,6
DA:4,6
DA:5,6
DA:7,6
DA:8,7
DA:11,6
DA:12,55
DA:15,6
LF:9
LH:9
BRDA:4,0,0,6
BRDA:4,0,1,0
BRDA:5,1,0,6
BRDA:5,1,1,0
BRF:4
BRH:2
end_of_record
TN:
SF:src\controllers\auth.controller.js
FN:5,(anonymous_0)
FN:86,(anonymous_1)
FN:101,(anonymous_2)
FNF:3
FNH:3
FNDA:5,(anonymous_0)
FNDA:1,(anonymous_1)
FNDA:1,(anonymous_2)
DA:1,1
DA:2,1
DA:3,1
DA:5,1
DA:6,5
DA:7,5
DA:9,5
DA:10,1
DA:14,4
DA:18,4
DA:19,1
DA:22,3
DA:25,3
DA:26,0
DA:28,3
DA:29,1
DA:33,2
DA:35,2
DA:37,1
DA:41,1
DA:45,1
DA:51,1
DA:59,1
DA:60,1
DA:62,1
DA:68,1
DA:81,0
DA:82,0
DA:86,1
DA:87,1
DA:88,1
DA:89,1
DA:90,1
DA:95,1
DA:97,0
DA:101,1
DA:102,1
DA:103,1
DA:107,1
DA:109,0
DA:113,1
LF:41
LH:36
BRDA:9,0,0,1
BRDA:9,0,1,4
BRDA:9,1,0,5
BRDA:9,1,1,5
BRDA:18,2,0,1
BRDA:18,2,1,3
BRDA:25,3,0,0
BRDA:25,3,1,3
BRDA:28,4,0,1
BRDA:28,4,1,2
BRDA:35,5,0,1
BRDA:35,5,1,1
BRDA:89,6,0,1
BRDA:89,6,1,0
BRF:14
BRH:12
end_of_record
TN:
SF:src\controllers\categorias.controller.js
FN:3,(anonymous_0)
FN:14,(anonymous_1)
FN:29,(anonymous_2)
FN:49,(anonymous_3)
FN:67,(anonymous_4)
FNF:5
FNH:5
FNDA:2,(anonymous_0)
FNDA:2,(anonymous_1)
FNDA:3,(anonymous_2)
FNDA:2,(anonymous_3)
FNDA:3,(anonymous_4)
DA:1,1
DA:3,1
DA:4,2
DA:5,2
DA:8,1
DA:10,1
DA:14,1
DA:15,2
DA:16,2
DA:17,2
DA:20,2
DA:21,1
DA:23,1
DA:25,0
DA:29,1
DA:30,3
DA:31,3
DA:32,3
DA:33,1
DA:35,2
DA:40,1
DA:42,1
DA:43,1
DA:45,0
DA:49,1
DA:50,2
DA:51,2
DA:52,2
DA:53,2
DA:58,2
DA:59,1
DA:61,1
DA:63,0
DA:67,1
DA:68,3
DA:69,3
DA:70,3
DA:73,2
DA:74,1
DA:76,1
DA:78,1
DA:79,1
DA:81,0
DA:85,1
LF:44
LH:40
BRDA:20,0,0,1
BRDA:20,0,1,1
BRDA:32,1,0,1
BRDA:32,1,1,2
BRDA:38,2,0,2
BRDA:38,2,1,1
BRDA:42,3,0,1
BRDA:42,3,1,0
BRDA:56,4,0,2
BRDA:56,4,1,1
BRDA:56,5,0,2
BRDA:56,5,1,0
BRDA:58,6,0,1
BRDA:58,6,1,1
BRDA:73,7,0,1
BRDA:73,7,1,1
BRDA:78,8,0,1
BRDA:78,8,1,0
BRF:18
BRH:15
end_of_record
TN:
SF:src\controllers\clientes.controller.js
FN:4,(anonymous_0)
FN:31,(anonymous_1)
FN:47,(anonymous_2)
FN:70,(anonymous_3)
FN:90,(anonymous_4)
FNF:5
FNH:5
FNDA:2,(anonymous_0)
FNDA:2,(anonymous_1)
FNDA:2,(anonymous_2)
FNDA:2,(anonymous_3)
FNDA:2,(anonymous_4)
DA:1,1
DA:4,1
DA:5,2
DA:6,2
DA:7,2
DA:8,2
DA:10,2
DA:11,1
DA:13,1
DA:18,1
DA:26,1
DA:31,1
DA:32,2
DA:33,2
DA:34,2
DA:37,2
DA:38,1
DA:40,1
DA:42,0
DA:47,1
DA:48,2
DA:49,2
DA:50,2
DA:55,1
DA:57,1
DA:58,1
DA:59,1
DA:61,0
DA:62,0
DA:65,0
DA:70,1
DA:71,2
DA:72,2
DA:73,2
DA:74,2
DA:80,2
DA:81,1
DA:83,1
DA:85,0
DA:90,1
DA:91,2
DA:92,2
DA:93,2
DA:96,2
DA:97,1
DA:99,1
DA:101,0
DA:105,1
LF:48
LH:42
BRDA:6,0,0,2
BRDA:6,0,1,2
BRDA:7,1,0,2
BRDA:7,1,1,2
BRDA:37,2,0,1
BRDA:37,2,1,1
BRDA:57,3,0,1
BRDA:57,3,1,0
BRDA:58,4,0,1
BRDA:58,4,1,0
BRDA:61,5,0,0
BRDA:61,5,1,0
BRDA:80,6,0,1
BRDA:80,6,1,1
BRDA:96,7,0,1
BRDA:96,7,1,1
BRF:16
BRH:12
end_of_record
TN:
SF:src\controllers\facturas.controller.js
FN:3,(anonymous_0)
FN:31,(anonymous_1)
FN:68,(anonymous_2)
FN:116,(anonymous_3)
FN:131,(anonymous_4)
FNF:5
FNH:5
FNDA:2,(anonymous_0)
FNDA:2,(anonymous_1)
FNDA:5,(anonymous_2)
FNDA:2,(anonymous_3)
FNDA:2,(anonymous_4)
DA:1,1
DA:3,1
DA:4,2
DA:5,2
DA:6,2
DA:7,2
DA:9,2
DA:10,1
DA:12,1
DA:25,1
DA:27,1
DA:31,1
DA:32,2
DA:33,2
DA:34,2
DA:49,2
DA:50,1
DA:54,1
DA:62,1
DA:64,0
DA:68,1
DA:69,5
DA:70,5
DA:72,5
DA:73,1
DA:77,4
DA:81,4
DA:82,1
DA:85,3
DA:86,1
DA:90,2
DA:94,2
DA:95,1
DA:99,1
DA:100,1
DA:101,1
DA:103,1
DA:110,1
DA:112,0
DA:116,1
DA:117,2
DA:118,2
DA:119,2
DA:122,2
DA:123,1
DA:125,1
DA:127,0
DA:131,1
DA:132,2
DA:133,2
DA:142,1
DA:147,1
DA:157,1
DA:167,1
DA:174,1
DA:178,1
LF:56
LH:53
BRDA:5,0,0,2
BRDA:5,0,1,2
BRDA:6,1,0,2
BRDA:6,1,1,2
BRDA:49,2,0,1
BRDA:49,2,1,1
BRDA:72,3,0,1
BRDA:72,3,1,4
BRDA:81,4,0,1
BRDA:81,4,1,3
BRDA:85,5,0,1
BRDA:85,5,1,2
BRDA:94,6,0,1
BRDA:94,6,1,1
BRDA:122,7,0,1
BRDA:122,7,1,1
BRF:16
BRH:16
end_of_record
TN:
SF:src\controllers\pedidos.controller.js
FN:3,(anonymous_0)
FN:30,(anonymous_1)
FN:63,(anonymous_2)
FN:134,(anonymous_3)
FNF:4
FNH:3
FNDA:2,(anonymous_0)
FNDA:2,(anonymous_1)
FNDA:0,(anonymous_2)
FNDA:3,(anonymous_3)
DA:1,1
DA:3,1
DA:4,2
DA:5,2
DA:6,2
DA:7,2
DA:9,2
DA:10,1
DA:12,1
DA:24,1
DA:26,1
DA:30,1
DA:31,2
DA:32,2
DA:34,2
DA:45,2
DA:46,1
DA:49,1
DA:57,1
DA:59,0
DA:63,1
DA:64,0
DA:65,0
DA:66,0
DA:68,0
DA:69,0
DA:71,0
DA:72,0
DA:76,0
DA:79,0
DA:80,0
DA:81,0
DA:83,0
DA:84,0
DA:87,0
DA:93,0
DA:96,0
DA:97,0
DA:99,0
DA:106,0
DA:112,0
DA:115,0
DA:117,0
DA:124,0
DA:125,0
DA:127,0
DA:128,0
DA:130,0
DA:134,1
DA:135,3
DA:136,3
DA:137,3
DA:139,3
DA:140,3
DA:141,1
DA:144,2
DA:151,2
DA:152,1
DA:155,1
DA:157,0
DA:158,0
DA:162,1
LF:62
LH:32
BRDA:5,0,0,2
BRDA:5,0,1,2
BRDA:6,1,0,2
BRDA:6,1,1,2
BRDA:45,2,0,1
BRDA:45,2,1,1
BRDA:71,3,0,0
BRDA:71,3,1,0
BRDA:71,4,0,0
BRDA:71,4,1,0
BRDA:71,4,2,0
BRDA:90,5,0,0
BRDA:90,5,1,0
BRDA:140,6,0,1
BRDA:140,6,1,2
BRDA:151,7,0,1
BRDA:151,7,1,1
BRF:17
BRH:10
end_of_record
TN:
SF:src\controllers\productos.controller.js
FN:3,(anonymous_0)
FN:33,(anonymous_1)
FN:52,(anonymous_2)
FN:69,(anonymous_3)
FN:88,(anonymous_4)
FNF:5
FNH:5
FNDA:2,(anonymous_0)
FNDA:2,(anonymous_1)
FNDA:3,(anonymous_2)
FNDA:2,(anonymous_3)
FNDA:2,(anonymous_4)
DA:1,1
DA:3,1
DA:4,2
DA:5,2
DA:6,2
DA:7,2
DA:9,2
DA:10,1
DA:12,1
DA:21,1
DA:29,1
DA:33,1
DA:34,2
DA:35,2
DA:36,2
DA:43,2
DA:44,1
DA:46,1
DA:48,0
DA:52,1
DA:53,3
DA:54,3
DA:55,3
DA:56,1
DA:58,2
DA:63,1
DA:65,1
DA:69,1
DA:70,2
DA:71,2
DA:72,2
DA:73,2
DA:79,2
DA:80,1
DA:82,1
DA:84,0
DA:88,1
DA:89,2
DA:90,2
DA:91,2
DA:94,2
DA:95,1
DA:97,1
DA:99,0
DA:103,1
LF:45
LH:42
BRDA:5,0,0,2
BRDA:5,0,1,2
BRDA:6,1,0,2
BRDA:6,1,1,2
BRDA:43,2,0,1
BRDA:43,2,1,1
BRDA:55,3,0,1
BRDA:55,3,1,2
BRDA:55,4,0,3
BRDA:55,4,1,2
BRDA:55,4,2,2
BRDA:61,5,0,2
BRDA:61,5,1,2
BRDA:61,6,0,2
BRDA:61,6,1,1
BRDA:61,7,0,2
BRDA:61,7,1,1
BRDA:61,8,0,2
BRDA:61,8,1,2
BRDA:77,9,0,2
BRDA:77,9,1,2
BRDA:77,10,0,2
BRDA:77,10,1,1
BRDA:77,11,0,2
BRDA:77,11,1,2
BRDA:77,12,0,2
BRDA:77,12,1,0
BRDA:79,13,0,1
BRDA:79,13,1,1
BRDA:94,14,0,1
BRDA:94,14,1,1
BRF:31
BRH:30
end_of_record
TN:
SF:src\middlewares\auth.middleware.js
FN:3,(anonymous_0)
FN:23,(anonymous_1)
FN:24,(anonymous_2)
FNF:3
FNH:1
FNDA:61,(anonymous_0)
FNDA:0,(anonymous_1)
FNDA:0,(anonymous_2)
DA:1,6
DA:3,6
DA:4,61
DA:5,61
DA:7,61
DA:8,6
DA:11,55
DA:14,55
DA:15,55
DA:16,55
DA:19,0
DA:23,6
DA:24,0
DA:25,0
DA:26,0
DA:28,0
DA:29,0
DA:31,0
DA:35,6
LF:19
LH:12
BRDA:7,0,0,6
BRDA:7,0,1,55
BRDA:7,1,0,61
BRDA:7,1,1,55
BRDA:25,2,0,0
BRDA:25,2,1,0
BRDA:28,3,0,0
BRDA:28,3,1,0
BRF:8
BRH:4
end_of_record
TN:
SF:src\routes\auth.routes.js
FNF:0
FNH:0
DA:1,1
DA:2,1
DA:3,1
DA:4,1
DA:6,1
DA:7,1
DA:8,1
DA:10,1
LF:8
LH:8
BRF:0
BRH:0
end_of_record
TN:
SF:src\routes\categorias.routes.js
FNF:0
FNH:0
DA:1,1
DA:2,1
DA:9,1
DA:10,1
DA:12,1
DA:13,1
DA:14,1
DA:15,1
DA:16,1
DA:18,1
LF:10
LH:10
BRF:0
BRH:0
end_of_record
TN:
SF:src\routes\clientes.routes.js
FNF:0
FNH:0
DA:1,1
DA:2,1
DA:9,1
DA:10,1
DA:12,1
DA:13,1
DA:14,1
DA:15,1
DA:16,1
DA:18,1
LF:10
LH:10
BRF:0
BRH:0
end_of_record
TN:
SF:src\routes\facturas.routes.js
FNF:0
FNH:0
DA:1,1
DA:2,1
DA:9,1
DA:10,1
DA:12,1
DA:13,1
DA:14,1
DA:15,1
DA:16,1
DA:18,1
LF:10
LH:10
BRF:0
BRH:0
end_of_record
TN:
SF:src\routes\pedidos.routes.js
FNF:0
FNH:0
DA:1,1
DA:2,1
DA:8,1
DA:9,1
DA:11,1
DA:12,1
DA:13,1
DA:14,1
DA:16,1
LF:9
LH:9
BRF:0
BRH:0
end_of_record
TN:
SF:src\routes\productos.routes.js
FNF:0
FNH:0
DA:1,1
DA:2,1
DA:9,1
DA:10,1
DA:12,1
DA:13,1
DA:14,1
DA:15,1
DA:16,1
DA:18,1
LF:10
LH:10
BRF:0
BRH:0
end_of_record
